#
# There is insufficient memory for the Java Runtime Environment to continue.
# Native memory allocation (malloc) failed to allocate 32744 bytes for Chunk::new
# Possible reasons:
#   The system is out of physical RAM or swap space
#   The process is running with CompressedOops enabled, and the Java Heap may be blocking the growth of the native heap
# Possible solutions:
#   Reduce memory load on the system
#   Increase physical memory or swap space
#   Check if swap backing store is full
#   Decrease Java heap size (-Xmx/-Xms)
#   Decrease number of Java threads
#   Decrease Java thread stack sizes (-Xss)
#   Set larger code cache with -XX:ReservedCodeCacheSize=
#   JVM is running with Unscaled Compressed Oops mode in which the Java heap is
#     placed in the first 4GB address space. The Java Heap base address is the
#     maximum limit for the native heap growth. Please use -XX:HeapBaseMinAddress
#     to set the Java Heap base and to place the Java Heap above 4GB virtual address.
# This output file may be truncated or incomplete.
#
#  Out of Memory Error (arena.cpp:184), pid=9548, tid=3956
#
# JRE version: Java(TM) SE Runtime Environment (19.0.1+10) (build 19.0.1+10-21)
# Java VM: Java HotSpot(TM) 64-Bit Server VM (19.0.1+10-21, mixed mode, sharing, tiered, compressed oops, compressed class ptrs, g1 gc, windows-amd64)
# No core dump will be written. Minidumps are not enabled by default on client versions of Windows
#

---------------  S U M M A R Y ------------

Command Line: -Dfile.encoding=UTF-8 -XX:+ShowCodeDetailsInExceptionMessages qsp.Demo

Host: Intel(R) Core(TM) i3-3217U CPU @ 1.80GHz, 4 cores, 5G,  Windows 8 , 64 bit Build 9200 (6.2.9200.16859)
Time: Wed Dec 21 17:41:27 2022 India Standard Time elapsed time: 27.973284 seconds (0d 0h 0m 27s)

---------------  T H R E A D  ---------------

Current thread (0x00000027d898a610):  JavaThread "C1 CompilerThread0" daemon [_thread_in_native, id=3956, stack(0x00000027dd4d0000,0x00000027dd5d0000)]


Current CompileTask:
C1:  27974 1662   !   3       io.netty.util.HashedWheelTimer$Worker::processCancelledTasks (57 bytes)

Stack: [0x00000027dd4d0000,0x00000027dd5d0000]
Native frames: (J=compiled Java code, j=interpreted, Vv=VM code, C=native code)
V  [jvm.dll+0x6ee8fa]
V  [jvm.dll+0x857a1e]
V  [jvm.dll+0x85940e]
V  [jvm.dll+0x859ac3]
V  [jvm.dll+0x28291f]
V  [jvm.dll+0xc9b5f]
V  [jvm.dll+0xc9ee5]
V  [jvm.dll+0x17d444]
V  [jvm.dll+0x17de46]
V  [jvm.dll+0x17d8a7]
V  [jvm.dll+0x17d6db]
V  [jvm.dll+0x161529]
V  [jvm.dll+0x16108e]
V  [jvm.dll+0x161278]
V  [jvm.dll+0x1606d6]
V  [jvm.dll+0x1623cd]
V  [jvm.dll+0x25b0fa]
V  [jvm.dll+0x259588]
V  [jvm.dll+0x807928]
V  [jvm.dll+0x8015fa]
V  [jvm.dll+0x6ed5eb]
C  [ucrtbase.DLL+0x214c2]
C  [KERNEL32.DLL+0x1842]
C  [ntdll.dll+0x3df11]


---------------  P R O C E S S  ---------------

Threads class SMR info:
_java_thread_list=0x00000027de66d900, length=29, elements={
0x00000027bb85b020, 0x00000027d897f830, 0x00000027d8980620, 0x00000027d8981410,
0x00000027d89830a0, 0x00000027d8983bd0, 0x00000027d89870c0, 0x00000027d8989ca0,
0x00000027d898a610, 0x00000027d898af80, 0x00000027dd799dc0, 0x00000027dd7a05b0,
0x00000027dd8d62b0, 0x00000027de40a110, 0x00000027de5e5070, 0x00000027de5e55b0,
0x00000027de6f89c0, 0x00000027de5e5af0, 0x00000027de6f7430, 0x00000027de7105a0,
0x00000027de712580, 0x00000027de70fb00, 0x00000027de710af0, 0x00000027de711040,
0x00000027de711590, 0x00000027de711ae0, 0x00000027de712030, 0x00000027de70f060,
0x00000027de710050
}

Java Threads: ( => current thread )
  0x00000027bb85b020 JavaThread "Forwarding newSession on session null to remote" [_thread_blocked, id=8640, stack(0x00000027baf00000,0x00000027bb000000)]
  0x00000027d897f830 JavaThread "Reference Handler" daemon [_thread_blocked, id=9160, stack(0x00000027dcdd0000,0x00000027dced0000)]
  0x00000027d8980620 JavaThread "Finalizer" daemon [_thread_blocked, id=1756, stack(0x00000027dced0000,0x00000027dcfd0000)]
  0x00000027d8981410 JavaThread "Signal Dispatcher" daemon [_thread_blocked, id=772, stack(0x00000027dcfd0000,0x00000027dd0d0000)]
  0x00000027d89830a0 JavaThread "Attach Listener" daemon [_thread_blocked, id=9844, stack(0x00000027dd0d0000,0x00000027dd1d0000)]
  0x00000027d8983bd0 JavaThread "Service Thread" daemon [_thread_blocked, id=6496, stack(0x00000027dd1d0000,0x00000027dd2d0000)]
  0x00000027d89870c0 JavaThread "Monitor Deflation Thread" daemon [_thread_blocked, id=9720, stack(0x00000027dd2d0000,0x00000027dd3d0000)]
  0x00000027d8989ca0 JavaThread "C2 CompilerThread0" daemon [_thread_blocked, id=10020, stack(0x00000027dd3d0000,0x00000027dd4d0000)]
=>0x00000027d898a610 JavaThread "C1 CompilerThread0" daemon [_thread_in_native, id=3956, stack(0x00000027dd4d0000,0x00000027dd5d0000)]
  0x00000027d898af80 JavaThread "Sweeper thread" daemon [_thread_blocked, id=4248, stack(0x00000027dd5d0000,0x00000027dd6d0000)]
  0x00000027dd799dc0 JavaThread "Notification Thread" daemon [_thread_blocked, id=9688, stack(0x00000027ddad0000,0x00000027ddbd0000)]
  0x00000027dd7a05b0 JavaThread "Common-Cleaner" daemon [_thread_blocked, id=7424, stack(0x00000027ddcd0000,0x00000027dddd0000)]
  0x00000027dd8d62b0 JavaThread "ForkJoinPool.commonPool-worker-1" daemon [_thread_blocked, id=8284, stack(0x00000027dded0000,0x00000027ddfd0000)]
  0x00000027de40a110 JavaThread "AsyncHttpClient-1-1" daemon [_thread_blocked, id=10124, stack(0x00000027de7d0000,0x00000027de8d0000)]
  0x00000027de5e5070 JavaThread "Exec Default Executor" daemon [_thread_in_native, id=3760, stack(0x00000027de8d0000,0x00000027de9d0000)]
  0x00000027de5e55b0 JavaThread "Driver Service Executor" daemon [_thread_blocked, id=3096, stack(0x00000027df0b0000,0x00000027df1b0000)]
  0x00000027de6f89c0 JavaThread "Driver Service Executor" daemon [_thread_blocked, id=6832, stack(0x00000027df1b0000,0x00000027df2b0000)]
  0x00000027de5e5af0 JavaThread "UrlChecker-2" daemon [_thread_blocked, id=3364, stack(0x00000027df3b0000,0x00000027df4b0000)]
  0x00000027de6f7430 JavaThread "Exec Stream Pumper" daemon [_thread_in_native, id=2388, stack(0x00000027df4b0000,0x00000027df5b0000)]
  0x00000027de7105a0 JavaThread "Exec Stream Pumper" daemon [_thread_in_native, id=5100, stack(0x00000027df5b0000,0x00000027df6b0000)]
  0x00000027de712580 JavaThread "AsyncHttpClient-1-2" daemon [_thread_in_native, id=9304, stack(0x00000027df8b0000,0x00000027df9b0000)]
  0x00000027de70fb00 JavaThread "AsyncHttpClient-1-3" daemon [_thread_in_native, id=10248, stack(0x00000027e0da0000,0x00000027e0ea0000)]
  0x00000027de710af0 JavaThread "AsyncHttpClient-1-4" daemon [_thread_in_native, id=10252, stack(0x00000027e12b0000,0x00000027e13b0000)]
  0x00000027de711040 JavaThread "Exec Default Executor" daemon [_thread_in_native, id=10508, stack(0x00000027df7b0000,0x00000027df8b0000)]
  0x00000027de711590 JavaThread "Driver Service Executor" daemon [_thread_blocked, id=10512, stack(0x00000027e17c0000,0x00000027e18c0000)]
  0x00000027de711ae0 JavaThread "Driver Service Executor" daemon [_thread_blocked, id=10516, stack(0x00000027e18c0000,0x00000027e19c0000)]
  0x00000027de712030 JavaThread "Exec Stream Pumper" daemon [_thread_in_native, id=10528, stack(0x00000027e19c0000,0x00000027e1ac0000)]
  0x00000027de70f060 JavaThread "Exec Stream Pumper" daemon [_thread_in_native, id=10532, stack(0x00000027e1ac0000,0x00000027e1bc0000)]
  0x00000027de710050 JavaThread "AsyncHttpClient-1-5" daemon [_thread_in_native, id=10576, stack(0x00000027e1cc0000,0x00000027e1dc0000)]

Other Threads:
  0x00000027d8968c10 VMThread "VM Thread" [stack: 0x00000027dcc00000,0x00000027dcd00000] [id=9104]
  0x00000027dd79e300 WatcherThread "VM Periodic Task Thread" [stack: 0x00000027ddbd0000,0x00000027ddcd0000] [id=9604]
  0x00000027bb8a8c70 WorkerThread "GC Thread#0" [stack: 0x00000027d60c0000,0x00000027d61c0000] [id=7680]
  0x00000027de4c6c40 WorkerThread "GC Thread#1" [stack: 0x00000027de9d0000,0x00000027dead0000] [id=6888]
  0x00000027de4c2950 WorkerThread "GC Thread#2" [stack: 0x00000027dead0000,0x00000027debd0000] [id=5816]
  0x00000027de4c77a0 WorkerThread "GC Thread#3" [stack: 0x00000027debd0000,0x00000027decd0000] [id=3508]
  0x00000027bb8b57d0 ConcurrentGCThread "G1 Main Marker" [stack: 0x00000027d61c0000,0x00000027d62c0000] [id=8220]
  0x00000027bb8b6200 WorkerThread "G1 Conc#0" [stack: 0x00000027d62c0000,0x00000027d63c0000] [id=8148]
  0x00000027d8824080 ConcurrentGCThread "G1 Refine#0" [stack: 0x00000027d8a00000,0x00000027d8b00000] [id=6084]
  0x00000027d8824bc0 ConcurrentGCThread "G1 Service" [stack: 0x00000027d8b00000,0x00000027d8c00000] [id=6108]

Threads with active compile tasks:
C1 CompilerThread0    30024 1662   !   3       io.netty.util.HashedWheelTimer$Worker::processCancelledTasks (57 bytes)

VM state: not at safepoint (normal execution)

VM Mutex/Monitor currently owned by a thread: None

Heap address: 0x00000000a2000000, size: 1504 MB, Compressed Oops mode: 32-bit

CDS archive(s) mapped at: [0x0000000800000000-0x0000000800c40000-0x0000000800c40000), size 12845056, SharedBaseAddress: 0x0000000800000000, ArchiveRelocationMode: 0.
Compressed class space mapped at: 0x0000000801000000-0x0000000841000000, reserved size: 1073741824
Narrow klass base: 0x0000000800000000, Narrow klass shift: 0, Narrow klass range: 0x100000000

GC Precious Log:
 CardTable entry size: 512
 Card Set container configuration: InlinePtr #cards 5 size 8 Array Of Cards #cards 12 size 40 Howl #buckets 4 coarsen threshold 1843 Howl Bitmap #cards 512 size 80 coarsen threshold 460 Card regions per heap region 1 cards per card region 2048
 CPUs: 4 total, 4 available
 Memory: 6013M
 Large Page Support: Disabled
 NUMA Support: Disabled
 Compressed Oops: Enabled (32-bit)
 Heap Region Size: 1M
 Heap Min Capacity: 8M
 Heap Initial Capacity: 94M
 Heap Max Capacity: 1504M
 Pre-touch: Disabled
 Parallel Workers: 4
 Concurrent Workers: 1
 Concurrent Refinement Workers: 4
 Periodic GC: Disabled

Heap:
 garbage-first heap   total 96256K, used 31460K [0x00000000a2000000, 0x0000000100000000)
  region size 1024K, 17 young (17408K), 2 survivors (2048K)
 Metaspace       used 17499K, committed 17664K, reserved 1114112K
  class space    used 2081K, committed 2176K, reserved 1048576K

Heap Regions: E=young(eden), S=young(survivor), O=old, HS=humongous(starts), HC=humongous(continues), CS=collection set, F=free, OA=open archive, CA=closed archive, TAMS=top-at-mark-start (previous, next)
|   0|0x00000000a2000000, 0x00000000a2100000, 0x00000000a2100000|100%|HS|  |TAMS 0x00000000a2000000, 0x00000000a2000000| Complete 
|   1|0x00000000a2100000, 0x00000000a2200000, 0x00000000a2200000|100%|HC|  |TAMS 0x00000000a2100000, 0x00000000a2100000| Complete 
|   2|0x00000000a2200000, 0x00000000a2300000, 0x00000000a2300000|100%| O|  |TAMS 0x00000000a2200000, 0x00000000a2200000| Untracked 
|   3|0x00000000a2300000, 0x00000000a2400000, 0x00000000a2400000|100%| O|  |TAMS 0x00000000a2300000, 0x00000000a2300000| Untracked 
|   4|0x00000000a2400000, 0x00000000a24dd200, 0x00000000a2500000| 86%| O|  |TAMS 0x00000000a2400000, 0x00000000a2400000| Untracked 
|   5|0x00000000a2500000, 0x00000000a2600000, 0x00000000a2600000|100%|HS|  |TAMS 0x00000000a2500000, 0x00000000a2500000| Complete 
|   6|0x00000000a2600000, 0x00000000a2700000, 0x00000000a2700000|100%|HC|  |TAMS 0x00000000a2600000, 0x00000000a2600000| Complete 
|   7|0x00000000a2700000, 0x00000000a2800000, 0x00000000a2800000|100%|HC|  |TAMS 0x00000000a2700000, 0x00000000a2700000| Complete 
|   8|0x00000000a2800000, 0x00000000a2900000, 0x00000000a2900000|100%|HC|  |TAMS 0x00000000a2800000, 0x00000000a2800000| Complete 
|   9|0x00000000a2900000, 0x00000000a2a00000, 0x00000000a2a00000|100%|HC|  |TAMS 0x00000000a2900000, 0x00000000a2900000| Complete 
|  10|0x00000000a2a00000, 0x00000000a2b00000, 0x00000000a2b00000|100%|HS|  |TAMS 0x00000000a2a00000, 0x00000000a2a00000| Complete 
|  11|0x00000000a2b00000, 0x00000000a2c00000, 0x00000000a2c00000|100%|HC|  |TAMS 0x00000000a2b00000, 0x00000000a2b00000| Complete 
|  12|0x00000000a2c00000, 0x00000000a2d00000, 0x00000000a2d00000|100%|HC|  |TAMS 0x00000000a2c00000, 0x00000000a2c00000| Complete 
|  13|0x00000000a2d00000, 0x00000000a2e00000, 0x00000000a2e00000|100%|HC|  |TAMS 0x00000000a2d00000, 0x00000000a2d00000| Complete 
|  14|0x00000000a2e00000, 0x00000000a2f00000, 0x00000000a2f00000|100%|HC|  |TAMS 0x00000000a2e00000, 0x00000000a2e00000| Complete 
|  15|0x00000000a2f00000, 0x00000000a2f00000, 0x00000000a3000000|  0%| F|  |TAMS 0x00000000a2f00000, 0x00000000a2f00000| Untracked 
|  16|0x00000000a3000000, 0x00000000a3000000, 0x00000000a3100000|  0%| F|  |TAMS 0x00000000a3000000, 0x00000000a3000000| Untracked 
|  17|0x00000000a3100000, 0x00000000a3100000, 0x00000000a3200000|  0%| F|  |TAMS 0x00000000a3100000, 0x00000000a3100000| Untracked 
|  18|0x00000000a3200000, 0x00000000a3200000, 0x00000000a3300000|  0%| F|  |TAMS 0x00000000a3200000, 0x00000000a3200000| Untracked 
|  19|0x00000000a3300000, 0x00000000a3300000, 0x00000000a3400000|  0%| F|  |TAMS 0x00000000a3300000, 0x00000000a3300000| Untracked 
|  20|0x00000000a3400000, 0x00000000a3400000, 0x00000000a3500000|  0%| F|  |TAMS 0x00000000a3400000, 0x00000000a3400000| Untracked 
|  21|0x00000000a3500000, 0x00000000a3500000, 0x00000000a3600000|  0%| F|  |TAMS 0x00000000a3500000, 0x00000000a3500000| Untracked 
|  22|0x00000000a3600000, 0x00000000a3600000, 0x00000000a3700000|  0%| F|  |TAMS 0x00000000a3600000, 0x00000000a3600000| Untracked 
|  23|0x00000000a3700000, 0x00000000a3700000, 0x00000000a3800000|  0%| F|  |TAMS 0x00000000a3700000, 0x00000000a3700000| Untracked 
|  24|0x00000000a3800000, 0x00000000a3800000, 0x00000000a3900000|  0%| F|  |TAMS 0x00000000a3800000, 0x00000000a3800000| Untracked 
|  25|0x00000000a3900000, 0x00000000a3900000, 0x00000000a3a00000|  0%| F|  |TAMS 0x00000000a3900000, 0x00000000a3900000| Untracked 
|  26|0x00000000a3a00000, 0x00000000a3a00000, 0x00000000a3b00000|  0%| F|  |TAMS 0x00000000a3a00000, 0x00000000a3a00000| Untracked 
|  27|0x00000000a3b00000, 0x00000000a3b00000, 0x00000000a3c00000|  0%| F|  |TAMS 0x00000000a3b00000, 0x00000000a3b00000| Untracked 
|  28|0x00000000a3c00000, 0x00000000a3c00000, 0x00000000a3d00000|  0%| F|  |TAMS 0x00000000a3c00000, 0x00000000a3c00000| Untracked 
|  29|0x00000000a3d00000, 0x00000000a3d00000, 0x00000000a3e00000|  0%| F|  |TAMS 0x00000000a3d00000, 0x00000000a3d00000| Untracked 
|  30|0x00000000a3e00000, 0x00000000a3e00000, 0x00000000a3f00000|  0%| F|  |TAMS 0x00000000a3e00000, 0x00000000a3e00000| Untracked 
|  31|0x00000000a3f00000, 0x00000000a3f00000, 0x00000000a4000000|  0%| F|  |TAMS 0x00000000a3f00000, 0x00000000a3f00000| Untracked 
|  32|0x00000000a4000000, 0x00000000a4000000, 0x00000000a4100000|  0%| F|  |TAMS 0x00000000a4000000, 0x00000000a4000000| Untracked 
|  33|0x00000000a4100000, 0x00000000a4100000, 0x00000000a4200000|  0%| F|  |TAMS 0x00000000a4100000, 0x00000000a4100000| Untracked 
|  34|0x00000000a4200000, 0x00000000a4200000, 0x00000000a4300000|  0%| F|  |TAMS 0x00000000a4200000, 0x00000000a4200000| Untracked 
|  35|0x00000000a4300000, 0x00000000a4300000, 0x00000000a4400000|  0%| F|  |TAMS 0x00000000a4300000, 0x00000000a4300000| Untracked 
|  36|0x00000000a4400000, 0x00000000a4400000, 0x00000000a4500000|  0%| F|  |TAMS 0x00000000a4400000, 0x00000000a4400000| Untracked 
|  37|0x00000000a4500000, 0x00000000a4500000, 0x00000000a4600000|  0%| F|  |TAMS 0x00000000a4500000, 0x00000000a4500000| Untracked 
|  38|0x00000000a4600000, 0x00000000a4600000, 0x00000000a4700000|  0%| F|  |TAMS 0x00000000a4600000, 0x00000000a4600000| Untracked 
|  39|0x00000000a4700000, 0x00000000a4700000, 0x00000000a4800000|  0%| F|  |TAMS 0x00000000a4700000, 0x00000000a4700000| Untracked 
|  40|0x00000000a4800000, 0x00000000a4800000, 0x00000000a4900000|  0%| F|  |TAMS 0x00000000a4800000, 0x00000000a4800000| Untracked 
|  41|0x00000000a4900000, 0x00000000a4900000, 0x00000000a4a00000|  0%| F|  |TAMS 0x00000000a4900000, 0x00000000a4900000| Untracked 
|  42|0x00000000a4a00000, 0x00000000a4a00000, 0x00000000a4b00000|  0%| F|  |TAMS 0x00000000a4a00000, 0x00000000a4a00000| Untracked 
|  43|0x00000000a4b00000, 0x00000000a4b00000, 0x00000000a4c00000|  0%| F|  |TAMS 0x00000000a4b00000, 0x00000000a4b00000| Untracked 
|  44|0x00000000a4c00000, 0x00000000a4c00000, 0x00000000a4d00000|  0%| F|  |TAMS 0x00000000a4c00000, 0x00000000a4c00000| Untracked 
|  45|0x00000000a4d00000, 0x00000000a4d00000, 0x00000000a4e00000|  0%| F|  |TAMS 0x00000000a4d00000, 0x00000000a4d00000| Untracked 
|  46|0x00000000a4e00000, 0x00000000a4e00000, 0x00000000a4f00000|  0%| F|  |TAMS 0x00000000a4e00000, 0x00000000a4e00000| Untracked 
|  47|0x00000000a4f00000, 0x00000000a4f00000, 0x00000000a5000000|  0%| F|  |TAMS 0x00000000a4f00000, 0x00000000a4f00000| Untracked 
|  48|0x00000000a5000000, 0x00000000a5000000, 0x00000000a5100000|  0%| F|  |TAMS 0x00000000a5000000, 0x00000000a5000000| Untracked 
|  49|0x00000000a5100000, 0x00000000a5100000, 0x00000000a5200000|  0%| F|  |TAMS 0x00000000a5100000, 0x00000000a5100000| Untracked 
|  50|0x00000000a5200000, 0x00000000a5200000, 0x00000000a5300000|  0%| F|  |TAMS 0x00000000a5200000, 0x00000000a5200000| Untracked 
|  51|0x00000000a5300000, 0x00000000a5300000, 0x00000000a5400000|  0%| F|  |TAMS 0x00000000a5300000, 0x00000000a5300000| Untracked 
|  52|0x00000000a5400000, 0x00000000a5400000, 0x00000000a5500000|  0%| F|  |TAMS 0x00000000a5400000, 0x00000000a5400000| Untracked 
|  53|0x00000000a5500000, 0x00000000a5500000, 0x00000000a5600000|  0%| F|  |TAMS 0x00000000a5500000, 0x00000000a5500000| Untracked 
|  54|0x00000000a5600000, 0x00000000a5600000, 0x00000000a5700000|  0%| F|  |TAMS 0x00000000a5600000, 0x00000000a5600000| Untracked 
|  55|0x00000000a5700000, 0x00000000a5700000, 0x00000000a5800000|  0%| F|  |TAMS 0x00000000a5700000, 0x00000000a5700000| Untracked 
|  56|0x00000000a5800000, 0x00000000a5800000, 0x00000000a5900000|  0%| F|  |TAMS 0x00000000a5800000, 0x00000000a5800000| Untracked 
|  57|0x00000000a5900000, 0x00000000a5900000, 0x00000000a5a00000|  0%| F|  |TAMS 0x00000000a5900000, 0x00000000a5900000| Untracked 
|  58|0x00000000a5a00000, 0x00000000a5a00000, 0x00000000a5b00000|  0%| F|  |TAMS 0x00000000a5a00000, 0x00000000a5a00000| Untracked 
|  59|0x00000000a5b00000, 0x00000000a5b00000, 0x00000000a5c00000|  0%| F|  |TAMS 0x00000000a5b00000, 0x00000000a5b00000| Untracked 
|  60|0x00000000a5c00000, 0x00000000a5c00000, 0x00000000a5d00000|  0%| F|  |TAMS 0x00000000a5c00000, 0x00000000a5c00000| Untracked 
|  61|0x00000000a5d00000, 0x00000000a5d00000, 0x00000000a5e00000|  0%| F|  |TAMS 0x00000000a5d00000, 0x00000000a5d00000| Untracked 
|  62|0x00000000a5e00000, 0x00000000a5e00000, 0x00000000a5f00000|  0%| F|  |TAMS 0x00000000a5e00000, 0x00000000a5e00000| Untracked 
|  63|0x00000000a5f00000, 0x00000000a5f00000, 0x00000000a6000000|  0%| F|  |TAMS 0x00000000a5f00000, 0x00000000a5f00000| Untracked 
|  64|0x00000000a6000000, 0x00000000a6000000, 0x00000000a6100000|  0%| F|  |TAMS 0x00000000a6000000, 0x00000000a6000000| Untracked 
|  65|0x00000000a6100000, 0x00000000a6100000, 0x00000000a6200000|  0%| F|  |TAMS 0x00000000a6100000, 0x00000000a6100000| Untracked 
|  66|0x00000000a6200000, 0x00000000a6200000, 0x00000000a6300000|  0%| F|  |TAMS 0x00000000a6200000, 0x00000000a6200000| Untracked 
|  67|0x00000000a6300000, 0x00000000a6300000, 0x00000000a6400000|  0%| F|  |TAMS 0x00000000a6300000, 0x00000000a6300000| Untracked 
|  68|0x00000000a6400000, 0x00000000a6400000, 0x00000000a6500000|  0%| F|  |TAMS 0x00000000a6400000, 0x00000000a6400000| Untracked 
|  69|0x00000000a6500000, 0x00000000a6500000, 0x00000000a6600000|  0%| F|  |TAMS 0x00000000a6500000, 0x00000000a6500000| Untracked 
|  70|0x00000000a6600000, 0x00000000a6600000, 0x00000000a6700000|  0%| F|  |TAMS 0x00000000a6600000, 0x00000000a6600000| Untracked 
|  71|0x00000000a6700000, 0x00000000a6700000, 0x00000000a6800000|  0%| F|  |TAMS 0x00000000a6700000, 0x00000000a6700000| Untracked 
|  72|0x00000000a6800000, 0x00000000a6800000, 0x00000000a6900000|  0%| F|  |TAMS 0x00000000a6800000, 0x00000000a6800000| Untracked 
|  73|0x00000000a6900000, 0x00000000a6900000, 0x00000000a6a00000|  0%| F|  |TAMS 0x00000000a6900000, 0x00000000a6900000| Untracked 
|  74|0x00000000a6a00000, 0x00000000a6a00000, 0x00000000a6b00000|  0%| F|  |TAMS 0x00000000a6a00000, 0x00000000a6a00000| Untracked 
|  75|0x00000000a6b00000, 0x00000000a6bdc118, 0x00000000a6c00000| 85%| S|CS|TAMS 0x00000000a6b00000, 0x00000000a6b00000| Complete 
|  76|0x00000000a6c00000, 0x00000000a6d00000, 0x00000000a6d00000|100%| S|CS|TAMS 0x00000000a6c00000, 0x00000000a6c00000| Complete 
|  77|0x00000000a6d00000, 0x00000000a6d00000, 0x00000000a6e00000|  0%| F|  |TAMS 0x00000000a6d00000, 0x00000000a6d00000| Untracked 
|  78|0x00000000a6e00000, 0x00000000a6e00000, 0x00000000a6f00000|  0%| F|  |TAMS 0x00000000a6e00000, 0x00000000a6e00000| Untracked 
|  79|0x00000000a6f00000, 0x00000000a7000000, 0x00000000a7000000|100%| E|  |TAMS 0x00000000a6f00000, 0x00000000a6f00000| Complete 
|  80|0x00000000a7000000, 0x00000000a7100000, 0x00000000a7100000|100%| E|CS|TAMS 0x00000000a7000000, 0x00000000a7000000| Complete 
|  81|0x00000000a7100000, 0x00000000a7200000, 0x00000000a7200000|100%| E|CS|TAMS 0x00000000a7100000, 0x00000000a7100000| Complete 
|  82|0x00000000a7200000, 0x00000000a7300000, 0x00000000a7300000|100%| E|CS|TAMS 0x00000000a7200000, 0x00000000a7200000| Complete 
|  83|0x00000000a7300000, 0x00000000a7400000, 0x00000000a7400000|100%| E|CS|TAMS 0x00000000a7300000, 0x00000000a7300000| Complete 
|  84|0x00000000a7400000, 0x00000000a7500000, 0x00000000a7500000|100%| E|CS|TAMS 0x00000000a7400000, 0x00000000a7400000| Complete 
|  85|0x00000000a7500000, 0x00000000a7600000, 0x00000000a7600000|100%| E|CS|TAMS 0x00000000a7500000, 0x00000000a7500000| Complete 
|  86|0x00000000a7600000, 0x00000000a7700000, 0x00000000a7700000|100%| E|CS|TAMS 0x00000000a7600000, 0x00000000a7600000| Complete 
|  87|0x00000000a7700000, 0x00000000a7800000, 0x00000000a7800000|100%| E|CS|TAMS 0x00000000a7700000, 0x00000000a7700000| Complete 
|  88|0x00000000a7800000, 0x00000000a7900000, 0x00000000a7900000|100%| E|CS|TAMS 0x00000000a7800000, 0x00000000a7800000| Complete 
|  89|0x00000000a7900000, 0x00000000a7a00000, 0x00000000a7a00000|100%| E|CS|TAMS 0x00000000a7900000, 0x00000000a7900000| Complete 
|  90|0x00000000a7a00000, 0x00000000a7b00000, 0x00000000a7b00000|100%| E|CS|TAMS 0x00000000a7a00000, 0x00000000a7a00000| Complete 
|  91|0x00000000a7b00000, 0x00000000a7c00000, 0x00000000a7c00000|100%| E|CS|TAMS 0x00000000a7b00000, 0x00000000a7b00000| Complete 
|  92|0x00000000a7c00000, 0x00000000a7d00000, 0x00000000a7d00000|100%| E|CS|TAMS 0x00000000a7c00000, 0x00000000a7c00000| Complete 
|  93|0x00000000a7d00000, 0x00000000a7e00000, 0x00000000a7e00000|100%| E|CS|TAMS 0x00000000a7d00000, 0x00000000a7d00000| Complete 

Card table byte_map: [0x00000027d2ba0000,0x00000027d2e90000] _byte_map_base: 0x00000027d2690000

Marking Bits (Prev, Next): (CMBitMap*) 0x00000027bb8a92a0, (CMBitMap*) 0x00000027bb8a92e0
 Prev Bits: [0x00000027d3180000, 0x00000027d4900000)
 Next Bits: [0x00000027d4900000, 0x00000027d6080000)

Polling page: 0x00000027b97a0000

Metaspace:

Usage:
  Non-class:     15.06 MB used.
      Class:      2.03 MB used.
       Both:     17.09 MB used.

Virtual space:
  Non-class space:       64.00 MB reserved,      15.12 MB ( 24%) committed,  1 nodes.
      Class space:        1.00 GB reserved,       2.12 MB ( <1%) committed,  1 nodes.
             Both:        1.06 GB reserved,      17.25 MB (  2%) committed. 

Chunk freelists:
   Non-Class:  448.00 KB
       Class:  1.84 MB
        Both:  2.28 MB

MaxMetaspaceSize: unlimited
CompressedClassSpaceSize: 1.00 GB
Initial GC threshold: 21.00 MB
Current GC threshold: 21.00 MB
CDS: on
MetaspaceReclaimPolicy: balanced
 - commit_granule_bytes: 65536.
 - commit_granule_words: 8192.
 - virtual_space_node_default_size: 8388608.
 - enlarge_chunks_in_place: 1.
 - new_chunks_are_fully_committed: 0.
 - uncommit_free_chunks: 1.
 - use_allocation_guard: 0.


Internal statistics:

num_allocs_failed_limit: 0.
num_arena_births: 108.
num_arena_deaths: 0.
num_vsnodes_births: 2.
num_vsnodes_deaths: 0.
num_space_committed: 276.
num_space_uncommitted: 0.
num_chunks_returned_to_freelist: 0.
num_chunks_taken_from_freelist: 507.
num_chunk_merges: 0.
num_chunk_splits: 363.
num_chunks_enlarged: 315.
num_inconsistent_stats: 0.

CodeHeap 'non-profiled nmethods': size=120000Kb used=472Kb max_used=472Kb free=119527Kb
 bounds [0x00000027cb270000, 0x00000027cb4e0000, 0x00000027d27a0000]
CodeHeap 'profiled nmethods': size=120000Kb used=3073Kb max_used=3073Kb free=116926Kb
 bounds [0x00000027c37a0000, 0x00000027c3ab0000, 0x00000027cacd0000]
CodeHeap 'non-nmethods': size=5760Kb used=1338Kb max_used=1353Kb free=4421Kb
 bounds [0x00000027cacd0000, 0x00000027caf40000, 0x00000027cb270000]
 total_blobs=2229 nmethods=1661 adapters=479
 compilation: enabled
              stopped_count=0, restarted_count=0
 full_count=0

Compilation events (20 events):
Event: 22.236 Thread 0x00000027d898a610 nmethod 1652 0x00000027c3a9cf90 code [0x00000027c3a9d140, 0x00000027c3a9d368]
Event: 22.236 Thread 0x00000027d898a610 1653       3       java.security.AccessController::executePrivileged (65 bytes)
Event: 22.237 Thread 0x00000027d898a610 nmethod 1653 0x00000027c3a9d410 code [0x00000027c3a9d5e0, 0x00000027c3a9d8d8]
Event: 22.237 Thread 0x00000027d898a610 1654   !   3       java.security.AccessController::doPrivileged (22 bytes)
Event: 22.237 Thread 0x00000027d898a610 nmethod 1654 0x00000027c3a9da10 code [0x00000027c3a9dc00, 0x00000027c3a9e088]
Event: 22.237 Thread 0x00000027d898a610 1655       1       io.netty.channel.nio.AbstractNioChannel::javaChannel (5 bytes)
Event: 22.237 Thread 0x00000027d898a610 nmethod 1655 0x00000027cb2e5a10 code [0x00000027cb2e5ba0, 0x00000027cb2e5c58]
Event: 22.239 Thread 0x00000027d898a610 1656       1       io.netty.util.AsciiString::arrayOffset (5 bytes)
Event: 22.239 Thread 0x00000027d898a610 nmethod 1656 0x00000027cb2e5d10 code [0x00000027cb2e5ea0, 0x00000027cb2e5f58]
Event: 22.244 Thread 0x00000027d898a610 1657       3       io.netty.channel.AbstractChannelHandlerContext::skipContext (34 bytes)
Event: 22.245 Thread 0x00000027d898a610 nmethod 1657 0x00000027c3a9e310 code [0x00000027c3a9e500, 0x00000027c3a9ed68]
Event: 22.245 Thread 0x00000027d898a610 1658       3       io.netty.util.concurrent.AbstractEventExecutor::inEventLoop (8 bytes)
Event: 22.245 Thread 0x00000027d898a610 nmethod 1658 0x00000027c3a9f010 code [0x00000027c3a9f1c0, 0x00000027c3a9f3a8]
Event: 22.245 Thread 0x00000027d898a610 1659       1       io.netty.channel.socket.nio.NioSocketChannel::config (5 bytes)
Event: 22.245 Thread 0x00000027d898a610 nmethod 1659 0x00000027cb2e6010 code [0x00000027cb2e61a0, 0x00000027cb2e6258]
Event: 23.618 Thread 0x00000027d898a610 1660       3       java.util.concurrent.atomic.AtomicIntegerFieldUpdater$AtomicIntegerFieldUpdaterImpl::get (17 bytes)
Event: 23.619 Thread 0x00000027d898a610 nmethod 1660 0x00000027c3a9f490 code [0x00000027c3a9f640, 0x00000027c3a9f868]
Event: 26.521 Thread 0x00000027d898a610 1661   !   3       io.netty.util.HashedWheelTimer$Worker::waitForNextTick (120 bytes)
Event: 26.523 Thread 0x00000027d898a610 nmethod 1661 0x00000027c3a9f990 code [0x00000027c3a9fba0, 0x00000027c3aa02b8]
Event: 26.618 Thread 0x00000027d898a610 1662   !   3       io.netty.util.HashedWheelTimer$Worker::processCancelledTasks (57 bytes)

GC Heap History (4 events):
Event: 1.247 GC heap before
{Heap before GC invocations=0 (full 0):
 garbage-first heap   total 96256K, used 15360K [0x00000000a2000000, 0x0000000100000000)
  region size 1024K, 13 young (13312K), 0 survivors (0K)
 Metaspace       used 6708K, committed 6912K, reserved 1114112K
  class space    used 763K, committed 896K, reserved 1048576K
}
Event: 1.256 GC heap after
{Heap after GC invocations=1 (full 0):
 garbage-first heap   total 96256K, used 4934K [0x00000000a2000000, 0x0000000100000000)
  region size 1024K, 2 young (2048K), 2 survivors (2048K)
 Metaspace       used 6708K, committed 6912K, reserved 1114112K
  class space    used 763K, committed 896K, reserved 1048576K
}
Event: 2.610 GC heap before
{Heap before GC invocations=1 (full 0):
 garbage-first heap   total 96256K, used 19270K [0x00000000a2000000, 0x0000000100000000)
  region size 1024K, 17 young (17408K), 2 survivors (2048K)
 Metaspace       used 13018K, committed 13120K, reserved 1114112K
  class space    used 1488K, committed 1536K, reserved 1048576K
}
Event: 2.625 GC heap after
{Heap after GC invocations=2 (full 0):
 garbage-first heap   total 96256K, used 6884K [0x00000000a2000000, 0x0000000100000000)
  region size 1024K, 2 young (2048K), 2 survivors (2048K)
 Metaspace       used 13018K, committed 13120K, reserved 1114112K
  class space    used 1488K, committed 1536K, reserved 1048576K
}

Dll operation events (11 events):
Event: 0.016 Loaded shared library C:\Program Files\Java\jdk-19\bin\java.dll
Event: 0.042 Loaded shared library C:\Program Files\Java\jdk-19\bin\jsvml.dll
Event: 0.230 Loaded shared library C:\Program Files\Java\jdk-19\bin\net.dll
Event: 0.232 Loaded shared library C:\Program Files\Java\jdk-19\bin\nio.dll
Event: 0.266 Loaded shared library C:\Program Files\Java\jdk-19\bin\zip.dll
Event: 0.429 Loaded shared library C:\Program Files\Java\jdk-19\bin\jimage.dll
Event: 0.503 Loaded shared library C:\Program Files\Java\jdk-19\bin\extnet.dll
Event: 0.948 Loaded shared library C:\Program Files\Java\jdk-19\bin\management.dll
Event: 0.955 Loaded shared library C:\Program Files\Java\jdk-19\bin\management_ext.dll
Event: 1.105 Loaded shared library C:\Program Files\Java\jdk-19\bin\sunmscapi.dll
Event: 1.898 Loaded shared library C:\Program Files\Java\jdk-19\bin\verify.dll

Deoptimization events (20 events):
Event: 1.844 Thread 0x00000027bb85b020 DEOPT PACKING pc=0x00000027cb2c3734 sp=0x00000027baffdfb0
Event: 1.844 Thread 0x00000027bb85b020 DEOPT UNPACKING pc=0x00000027cad36da3 sp=0x00000027baffdf38 mode 2
Event: 1.890 Thread 0x00000027bb85b020 Uncommon trap: trap_request=0xffffffde fr.pc=0x00000027cb28ab90 relative=0x00000000000002d0
Event: 1.890 Thread 0x00000027bb85b020 Uncommon trap: reason=class_check action=maybe_recompile pc=0x00000027cb28ab90 method=java.util.regex.Pattern$BmpCharPropertyGreedy.match(Ljava/util/regex/Matcher;ILjava/lang/CharSequence;)Z @ 26 c2
Event: 1.890 Thread 0x00000027bb85b020 DEOPT PACKING pc=0x00000027cb28ab90 sp=0x00000027baffdf40
Event: 1.890 Thread 0x00000027bb85b020 DEOPT UNPACKING pc=0x00000027cad36da3 sp=0x00000027baffdef8 mode 2
Event: 2.469 Thread 0x00000027bb85b020 DEOPT PACKING pc=0x00000027c3810cd7 sp=0x00000027baff97c0
Event: 2.469 Thread 0x00000027bb85b020 DEOPT UNPACKING pc=0x00000027cad37543 sp=0x00000027baff8c40 mode 0
Event: 2.775 Thread 0x00000027bb85b020 DEOPT PACKING pc=0x00000027c37ffe67 sp=0x00000027baff9630
Event: 2.775 Thread 0x00000027bb85b020 DEOPT UNPACKING pc=0x00000027cad37543 sp=0x00000027baff8b08 mode 0
Event: 3.973 Thread 0x00000027de712580 DEOPT PACKING pc=0x00000027c3907e8a sp=0x00000027df9ac760
Event: 3.973 Thread 0x00000027de712580 DEOPT UNPACKING pc=0x00000027cad37543 sp=0x00000027df9abc70 mode 0
Event: 4.083 Thread 0x00000027bb85b020 Uncommon trap: trap_request=0xffffffde fr.pc=0x00000027cb2ab43c relative=0x0000000000000a1c
Event: 4.083 Thread 0x00000027bb85b020 Uncommon trap: reason=class_check action=maybe_recompile pc=0x00000027cb2ab43c method=java.util.HashMap.putVal(ILjava/lang/Object;Ljava/lang/Object;ZZ)Ljava/lang/Object; @ 253 c2
Event: 4.083 Thread 0x00000027bb85b020 DEOPT PACKING pc=0x00000027cb2ab43c sp=0x00000027baffe480
Event: 4.083 Thread 0x00000027bb85b020 DEOPT UNPACKING pc=0x00000027cad36da3 sp=0x00000027baffe3c8 mode 2
Event: 4.103 Thread 0x00000027bb85b020 Uncommon trap: trap_request=0xffffff45 fr.pc=0x00000027cb2a7b5c relative=0x0000000000000cbc
Event: 4.103 Thread 0x00000027bb85b020 Uncommon trap: reason=unstable_if action=reinterpret pc=0x00000027cb2a7b5c method=java.util.concurrent.ConcurrentHashMap.putVal(Ljava/lang/Object;Ljava/lang/Object;Z)Ljava/lang/Object; @ 231 c2
Event: 4.103 Thread 0x00000027bb85b020 DEOPT PACKING pc=0x00000027cb2a7b5c sp=0x00000027baffec00
Event: 4.103 Thread 0x00000027bb85b020 DEOPT UNPACKING pc=0x00000027cad36da3 sp=0x00000027baffeb60 mode 2

Classes loaded (20 events):
Event: 4.215 Loading class java/util/Comparators$NaturalOrderComparator
Event: 4.215 Loading class java/util/Comparators$NaturalOrderComparator done
Event: 4.216 Loading class java/util/stream/ReferencePipeline$4
Event: 4.216 Loading class java/util/stream/ReferencePipeline$4 done
Event: 4.216 Loading class java/util/function/IntBinaryOperator
Event: 4.216 Loading class java/util/function/IntBinaryOperator done
Event: 4.216 Loading class java/util/stream/ReduceOps$6
Event: 4.217 Loading class java/util/stream/ReduceOps$6 done
Event: 4.217 Loading class java/util/stream/ReduceOps$5ReducingSink
Event: 4.217 Loading class java/util/stream/ReduceOps$5ReducingSink done
Event: 4.217 Loading class java/util/stream/ReferencePipeline$4$1
Event: 4.217 Loading class java/util/stream/ReferencePipeline$4$1 done
Event: 4.217 Loading class java/util/stream/SortedOps$SizedRefSortingSink
Event: 4.217 Loading class java/util/stream/SortedOps$AbstractRefSortingSink
Event: 4.217 Loading class java/util/stream/SortedOps$AbstractRefSortingSink done
Event: 4.217 Loading class java/util/stream/SortedOps$SizedRefSortingSink done
Event: 4.918 Loading class java/util/concurrent/ConcurrentLinkedDeque$Itr
Event: 4.918 Loading class java/util/concurrent/ConcurrentLinkedDeque$AbstractItr
Event: 4.918 Loading class java/util/concurrent/ConcurrentLinkedDeque$AbstractItr done
Event: 4.918 Loading class java/util/concurrent/ConcurrentLinkedDeque$Itr done

Classes unloaded (0 events):
No events

Classes redefined (0 events):
No events

Internal exceptions (20 events):
Event: 1.888 Thread 0x00000027bb85b020 Exception <a 'java/lang/NoSuchMethodError'{0x00000000a7207008}: 'int java.lang.invoke.DirectMethodHandle$Holder.invokeSpecialIFC(java.lang.Object, java.lang.Object, java.lang.Object, java.lang.Object)'> (0x00000000a7207008) 
thrown [s\open\src\hotspot\share\interpreter\linkResolver.cpp, line 774]
Event: 1.915 Thread 0x00000027de5e5070 Exception <a 'java/lang/NoSuchMethodError'{0x00000000a72b7ec8}: 'void java.lang.invoke.DirectMethodHandle$Holder.invokeStatic(java.lang.Object, long)'> (0x00000000a72b7ec8) 
thrown [s\open\src\hotspot\share\interpreter\linkResolver.cpp, line 774]
Event: 1.917 Thread 0x00000027de5e5070 Exception <a 'java/lang/NoSuchMethodError'{0x00000000a72bd5f0}: 'java.lang.Object java.lang.invoke.DirectMethodHandle$Holder.newInvokeSpecial(java.lang.Object, long)'> (0x00000000a72bd5f0) 
thrown [s\open\src\hotspot\share\interpreter\linkResolver.cpp, line 774]
Event: 1.920 Thread 0x00000027de5e5070 Exception <a 'java/lang/NoSuchMethodError'{0x00000000a72d81c0}: 'java.lang.Object java.lang.invoke.DirectMethodHandle$Holder.invokeStatic(java.lang.Object, long, java.lang.Object)'> (0x00000000a72d81c0) 
thrown [s\open\src\hotspot\share\interpreter\linkResolver.cpp, line 774]
Event: 1.921 Thread 0x00000027de5e5070 Exception <a 'java/lang/NoSuchMethodError'{0x00000000a72db940}: 'java.lang.Object java.lang.invoke.DirectMethodHandle$Holder.invokeStaticInit(java.lang.Object, long, java.lang.Object)'> (0x00000000a72db940) 
thrown [s\open\src\hotspot\share\interpreter\linkResolver.cpp, line 774]
Event: 2.485 Thread 0x00000027bb85b020 Exception <a 'java/lang/NoSuchMethodError'{0x00000000a7155b78}: 'int java.lang.invoke.DirectMethodHandle$Holder.invokeVirtual(java.lang.Object, java.lang.Object)'> (0x00000000a7155b78) 
thrown [s\open\src\hotspot\share\interpreter\linkResolver.cpp, line 774]
Event: 2.487 Thread 0x00000027bb85b020 Exception <a 'java/lang/NoSuchMethodError'{0x00000000a715c1b0}: 'double java.lang.invoke.DirectMethodHandle$Holder.invokeVirtual(java.lang.Object, java.lang.Object)'> (0x00000000a715c1b0) 
thrown [s\open\src\hotspot\share\interpreter\linkResolver.cpp, line 774]
Event: 2.489 Thread 0x00000027bb85b020 Exception <a 'java/lang/NoSuchMethodError'{0x00000000a7162dc0}: 'float java.lang.invoke.DirectMethodHandle$Holder.invokeVirtual(java.lang.Object, java.lang.Object)'> (0x00000000a7162dc0) 
thrown [s\open\src\hotspot\share\interpreter\linkResolver.cpp, line 774]
Event: 2.490 Thread 0x00000027bb85b020 Exception <a 'java/lang/NoSuchMethodError'{0x00000000a716c110}: 'long java.lang.invoke.DirectMethodHandle$Holder.invokeVirtual(java.lang.Object, java.lang.Object)'> (0x00000000a716c110) 
thrown [s\open\src\hotspot\share\interpreter\linkResolver.cpp, line 774]
Event: 2.499 Thread 0x00000027bb85b020 Exception <a 'java/lang/NoSuchMethodError'{0x00000000a71984d0}: 'void java.lang.invoke.DirectMethodHandle$Holder.invokeStatic(java.lang.Object, java.lang.Object, java.lang.Object)'> (0x00000000a71984d0) 
thrown [s\open\src\hotspot\share\interpreter\linkResolver.cpp, line 774]
Event: 2.501 Thread 0x00000027bb85b020 Exception <a 'java/lang/NoSuchMethodError'{0x00000000a719ed38}: 'java.lang.Object java.lang.invoke.DirectMethodHandle$Holder.invokeVirtual(java.lang.Object, java.lang.Object, java.lang.Object)'> (0x00000000a719ed38) 
thrown [s\open\src\hotspot\share\interpreter\linkResolver.cpp, line 774]
Event: 2.554 Thread 0x00000027bb85b020 Exception <a 'java/lang/NoSuchMethodError'{0x00000000a6ea2cd8}: 'void java.lang.invoke.DirectMethodHandle$Holder.invokeSpecial(java.lang.Object, java.lang.Object, java.lang.Object, java.lang.Object, java.lang.Object)'> (0x00000000a6ea2cd8) 
thrown [s\open\src\hotspot\share\interpreter\linkResolver.cpp, line 774]
Event: 2.555 Thread 0x00000027bb85b020 Exception <a 'java/lang/NoSuchMethodError'{0x00000000a6ea9b38}: 'void java.lang.invoke.DirectMethodHandle$Holder.invokeStatic(java.lang.Object, java.lang.Object, int)'> (0x00000000a6ea9b38) 
thrown [s\open\src\hotspot\share\interpreter\linkResolver.cpp, line 774]
Event: 2.582 Thread 0x00000027bb85b020 Exception <a 'java/lang/NoSuchMethodError'{0x00000000a6d46d60}: 'java.lang.Object java.lang.invoke.DirectMethodHandle$Holder.newInvokeSpecial(java.lang.Object, java.lang.Object, java.lang.Object, java.lang.Object, java.lang.Object)'> (0x00000000a6d46d60) 
thrown [s\open\src\hotspot\share\interpreter\linkResolver.cpp, line 774]
Event: 2.651 Thread 0x00000027bb85b020 Exception <a 'java/lang/NoSuchMethodError'{0x00000000a7debf40}: 'int java.lang.invoke.DirectMethodHandle$Holder.invokeSpecialIFC(java.lang.Object, java.lang.Object, java.lang.Object)'> (0x00000000a7debf40) 
thrown [s\open\src\hotspot\share\interpreter\linkResolver.cpp, line 774]
Event: 2.665 Thread 0x00000027bb85b020 Exception <a 'java/lang/NoSuchMethodError'{0x00000000a7c359a8}: 'java.lang.Object java.lang.invoke.Invokers$Holder.invokeExact_MT(java.lang.Object, java.lang.Object, java.lang.Object, java.lang.Object, java.lang.Object, java.lang.Object)'> (0x00000000a7c359a8) 
thrown [s\open\src\hotspot\share\interpreter\linkResolver.cpp, line 774]
Event: 2.713 Thread 0x00000027bb85b020 Exception <a 'java/lang/NoSuchMethodError'{0x00000000a7b16da0}: 'void java.lang.invoke.DirectMethodHandle$Holder.invokeStatic(java.lang.Object, java.lang.Object, java.lang.Object, java.lang.Object)'> (0x00000000a7b16da0) 
thrown [s\open\src\hotspot\share\interpreter\linkResolver.cpp, line 774]
Event: 2.790 Thread 0x00000027bb85b020 Exception <a 'java/lang/NoSuchMethodError'{0x00000000a79399f0}: 'long java.lang.invoke.DirectMethodHandle$Holder.invokeInterface(java.lang.Object, java.lang.Object)'> (0x00000000a79399f0) 
thrown [s\open\src\hotspot\share\interpreter\linkResolver.cpp, line 774]
Event: 2.791 Thread 0x00000027bb85b020 Exception <a 'java/lang/NoSuchMethodError'{0x00000000a793e8e0}: 'long java.lang.invoke.DelegatingMethodHandle$Holder.reinvoke_L(java.lang.Object, java.lang.Object)'> (0x00000000a793e8e0) 
thrown [s\open\src\hotspot\share\interpreter\linkResolver.cpp, line 774]
Event: 4.070 Thread 0x00000027bb85b020 Exception <a 'java/lang/NoSuchMethodError'{0x00000000a744bf90}: 'java.lang.Object java.lang.invoke.DirectMethodHandle$Holder.invokeSpecialIFC(java.lang.Object, java.lang.Object, java.lang.Object)'> (0x00000000a744bf90) 
thrown [s\open\src\hotspot\share\interpreter\linkResolver.cpp, line 774]

VM Operations (20 events):
Event: 0.873 Executing VM operation: HandshakeAllThreads
Event: 0.873 Executing VM operation: HandshakeAllThreads done
Event: 1.040 Executing VM operation: HandshakeAllThreads
Event: 1.040 Executing VM operation: HandshakeAllThreads done
Event: 1.246 Executing VM operation: G1CollectForAllocation
Event: 1.256 Executing VM operation: G1CollectForAllocation done
Event: 1.911 Executing VM operation: HandshakeAllThreads
Event: 1.911 Executing VM operation: HandshakeAllThreads done
Event: 2.455 Executing VM operation: HandshakeAllThreads
Event: 2.455 Executing VM operation: HandshakeAllThreads done
Event: 2.455 Executing VM operation: Cleanup
Event: 2.455 Executing VM operation: Cleanup done
Event: 2.459 Executing VM operation: HandshakeAllThreads
Event: 2.459 Executing VM operation: HandshakeAllThreads done
Event: 2.610 Executing VM operation: G1CollectForAllocation
Event: 2.626 Executing VM operation: G1CollectForAllocation done
Event: 4.625 Executing VM operation: Cleanup
Event: 4.626 Executing VM operation: Cleanup done
Event: 22.635 Executing VM operation: Cleanup
Event: 22.635 Executing VM operation: Cleanup done

Events (20 events):
Event: 1.542 Thread 0x00000027de0d6600 Thread exited: 0x00000027de0d6600
Event: 1.908 Thread 0x00000027de5e5070 Thread added: 0x00000027de5e5070
Event: 1.913 Thread 0x00000027de5e55b0 Thread added: 0x00000027de5e55b0
Event: 1.914 Thread 0x00000027de6f89c0 Thread added: 0x00000027de6f89c0
Event: 1.919 Thread 0x00000027de5e5af0 Thread added: 0x00000027de5e5af0
Event: 1.924 Thread 0x00000027de6f7430 Thread added: 0x00000027de6f7430
Event: 1.924 Thread 0x00000027de7105a0 Thread added: 0x00000027de7105a0
Event: 2.458 Thread 0x00000027de711040 Thread added: 0x00000027de711040
Event: 2.946 Thread 0x00000027de712580 Thread added: 0x00000027de712580
Event: 4.131 Thread 0x00000027de70fb00 Thread added: 0x00000027de70fb00
Event: 4.154 Thread 0x00000027de710af0 Thread added: 0x00000027de710af0
Event: 7.460 Thread 0x00000027de711040 Thread exited: 0x00000027de711040
Event: 21.698 Thread 0x00000027de711040 Thread added: 0x00000027de711040
Event: 21.699 Thread 0x00000027de711590 Thread added: 0x00000027de711590
Event: 21.700 Thread 0x00000027de711ae0 Thread added: 0x00000027de711ae0
Event: 21.711 Thread 0x00000027de712030 Thread added: 0x00000027de712030
Event: 21.711 Thread 0x00000027de70f060 Thread added: 0x00000027de70f060
Event: 22.221 Thread 0x00000027de70f5b0 Thread added: 0x00000027de70f5b0
Event: 22.233 Thread 0x00000027de710050 Thread added: 0x00000027de710050
Event: 27.621 Thread 0x00000027de70f5b0 Thread exited: 0x00000027de70f5b0


Dynamic libraries:
0x000007f7dbe60000 - 0x000007f7dbe70000 	C:\Program Files\Java\jdk-19\bin\javaw.exe
0x000007ff1c070000 - 0x000007ff1c22d000 	C:\Windows\SYSTEM32\ntdll.dll
0x000007ff1bb30000 - 0x000007ff1bc67000 	C:\Windows\system32\KERNEL32.DLL
0x000007ff191f0000 - 0x000007ff192e4000 	C:\Windows\system32\KERNELBASE.dll
0x000007ff12d60000 - 0x000007ff12d78000 	C:\Program Files\Java\jdk-19\bin\jli.dll
0x000007ff12c60000 - 0x000007ff12c7b000 	C:\Program Files\Java\jdk-19\bin\VCRUNTIME140.dll
0x000007ff13af0000 - 0x000007ff13af4000 	C:\Program Files\Java\jdk-19\bin\api-ms-win-crt-stdio-l1-1-0.dll
0x000007ff12d30000 - 0x000007ff12d34000 	C:\Program Files\Java\jdk-19\bin\api-ms-win-crt-runtime-l1-1-0.dll
0x000007ff12c50000 - 0x000007ff12c53000 	C:\Program Files\Java\jdk-19\bin\api-ms-win-crt-environment-l1-1-0.dll
0x000007ff12b20000 - 0x000007ff12b25000 	C:\Program Files\Java\jdk-19\bin\api-ms-win-crt-math-l1-1-0.dll
0x000007ff12b10000 - 0x000007ff12b13000 	C:\Program Files\Java\jdk-19\bin\api-ms-win-crt-locale-l1-1-0.dll
0x000007ff12b00000 - 0x000007ff12b03000 	C:\Program Files\Java\jdk-19\bin\api-ms-win-crt-heap-l1-1-0.dll
0x000007ff1b5a0000 - 0x000007ff1b67e000 	C:\Windows\system32\ADVAPI32.dll
0x000007ff16fe0000 - 0x000007ff1724a000 	C:\Windows\WinSxS\amd64_microsoft.windows.common-controls_6595b64144ccf1df_6.0.9200.17359_none_4188b989718cf1c6\COMCTL32.dll
0x000007ff19600000 - 0x000007ff1974c000 	C:\Windows\system32\USER32.dll
0x000007ff13830000 - 0x000007ff13839000 	C:\Windows\SYSTEM32\VERSION.dll
0x000007ff12550000 - 0x000007ff12553000 	C:\Program Files\Java\jdk-19\bin\api-ms-win-crt-filesystem-l1-1-0.dll
0x000007ff12540000 - 0x000007ff12544000 	C:\Program Files\Java\jdk-19\bin\api-ms-win-crt-string-l1-1-0.dll
0x000007ff11c10000 - 0x000007ff11c14000 	C:\Program Files\Java\jdk-19\bin\api-ms-win-crt-convert-l1-1-0.dll
0x000007ff19750000 - 0x000007ff197f5000 	C:\Windows\system32\msvcrt.dll
0x000007ff1bae0000 - 0x000007ff1bb28000 	C:\Windows\SYSTEM32\sechost.dll
0x000007ff1b870000 - 0x000007ff1b9b5000 	C:\Windows\system32\RPCRT4.dll
0x000007ff1af60000 - 0x000007ff1b0a1000 	C:\Windows\system32\GDI32.dll
0x000007ff0b220000 - 0x000007ff0b320000 	C:\Program Files\Java\jdk-19\bin\ucrtbase.DLL
0x000007ff1bcd0000 - 0x000007ff1bd09000 	C:\Windows\system32\IMM32.DLL
0x000007ff1ae40000 - 0x000007ff1af55000 	C:\Windows\system32\MSCTF.dll
0x000007ff114c0000 - 0x000007ff114cc000 	C:\Program Files\Java\jdk-19\bin\vcruntime140_1.dll
0x000007ff0c420000 - 0x000007ff0c4ae000 	C:\Program Files\Java\jdk-19\bin\msvcp140.dll
0x000007ff0df60000 - 0x000007ff0df63000 	C:\Program Files\Java\jdk-19\bin\api-ms-win-crt-time-l1-1-0.dll
0x000007ff0dd10000 - 0x000007ff0dd13000 	C:\Program Files\Java\jdk-19\bin\api-ms-win-crt-utility-l1-1-0.dll
0x000007fee90a0000 - 0x000007fee9d60000 	C:\Program Files\Java\jdk-19\bin\server\jvm.dll
0x000007ff0a2a0000 - 0x000007ff0a2a9000 	C:\Windows\SYSTEM32\WSOCK32.dll
0x000007ff120a0000 - 0x000007ff120c0000 	C:\Windows\SYSTEM32\WINMM.dll
0x000007ff1ba70000 - 0x000007ff1bac8000 	C:\Windows\system32\WS2_32.dll
0x000007ff12060000 - 0x000007ff12093000 	C:\Windows\SYSTEM32\WINMMBASE.dll
0x000007ff1b230000 - 0x000007ff1b239000 	C:\Windows\system32\NSI.dll
0x000007ff193a0000 - 0x000007ff193ef000 	C:\Windows\SYSTEM32\cfgmgr32.dll
0x000007ff19410000 - 0x000007ff19432000 	C:\Windows\system32\DEVOBJ.dll
0x000007ff0db20000 - 0x000007ff0db2a000 	C:\Program Files\Java\jdk-19\bin\jimage.dll
0x000007ff0d2d0000 - 0x000007ff0d433000 	C:\Windows\SYSTEM32\DBGHELP.DLL
0x000007ff0c310000 - 0x000007ff0c336000 	C:\Program Files\Java\jdk-19\bin\java.dll
0x000007feed5f0000 - 0x000007feed6c7000 	C:\Program Files\Java\jdk-19\bin\jsvml.dll
0x000007ff19800000 - 0x000007ff1aae5000 	C:\Windows\system32\SHELL32.dll
0x000007ff1ac90000 - 0x000007ff1ae40000 	C:\Windows\SYSTEM32\combase.dll
0x000007ff19440000 - 0x000007ff19490000 	C:\Windows\system32\SHLWAPI.dll
0x000007ff175e0000 - 0x000007ff17676000 	C:\Windows\SYSTEM32\SHCORE.dll
0x000007ff18f70000 - 0x000007ff18f85000 	C:\Windows\system32\profapi.dll
0x000007ff0d930000 - 0x000007ff0d943000 	C:\Program Files\Java\jdk-19\bin\net.dll
0x000007ff13250000 - 0x000007ff13301000 	C:\Windows\SYSTEM32\WINHTTP.dll
0x000007ff18730000 - 0x000007ff1878c000 	C:\Windows\system32\mswsock.dll
0x000007ff0d130000 - 0x000007ff0d146000 	C:\Program Files\Java\jdk-19\bin\nio.dll
0x000007ff0c180000 - 0x000007ff0c198000 	C:\Program Files\Java\jdk-19\bin\zip.dll
0x000007ff12df0000 - 0x000007ff12df8000 	C:\Program Files\Java\jdk-19\bin\extnet.dll
0x000007ff18570000 - 0x000007ff1860c000 	C:\Windows\SYSTEM32\DNSAPI.dll
0x000007ff0e180000 - 0x000007ff0e188000 	C:\Windows\System32\rasadhlp.dll
0x000007ff14f50000 - 0x000007ff14fb1000 	C:\Windows\System32\fwpuclnt.dll
0x000007ff11440000 - 0x000007ff1144a000 	C:\Program Files\Java\jdk-19\bin\management.dll
0x000007ff0d5c0000 - 0x000007ff0d5cb000 	C:\Program Files\Java\jdk-19\bin\management_ext.dll
0x000007ff1b510000 - 0x000007ff1b517000 	C:\Windows\system32\PSAPI.DLL
0x000007ff12cd0000 - 0x000007ff12cde000 	C:\Program Files\Java\jdk-19\bin\sunmscapi.dll
0x000007ff18fb0000 - 0x000007ff19181000 	C:\Windows\system32\CRYPT32.dll
0x000007ff18960000 - 0x000007ff18985000 	C:\Windows\SYSTEM32\ncrypt.dll
0x000007ff18f90000 - 0x000007ff18fa6000 	C:\Windows\system32\MSASN1.dll
0x000007ff18990000 - 0x000007ff189b5000 	C:\Windows\SYSTEM32\bcrypt.dll
0x000007ff18920000 - 0x000007ff18955000 	C:\Windows\SYSTEM32\NTASN1.dll
0x000007ff18790000 - 0x000007ff187aa000 	C:\Windows\SYSTEM32\CRYPTSP.dll
0x000007ff18430000 - 0x000007ff1847b000 	C:\Windows\system32\rsaenh.dll
0x000007ff193f0000 - 0x000007ff1940f000 	C:\Windows\system32\USERENV.dll
0x000007ff18d20000 - 0x000007ff18d2a000 	C:\Windows\SYSTEM32\CRYPTBASE.dll
0x000007ff18cc0000 - 0x000007ff18d1d000 	C:\Windows\SYSTEM32\bcryptPrimitives.dll
0x000007ff15ea0000 - 0x000007ff15eca000 	C:\Windows\SYSTEM32\IPHLPAPI.DLL
0x000007ff15f70000 - 0x000007ff15f7a000 	C:\Windows\SYSTEM32\WINNSI.DLL
0x000007ff14de0000 - 0x000007ff14df3000 	C:\Windows\SYSTEM32\dhcpcsvc6.DLL
0x000007ff14dc0000 - 0x000007ff14dd8000 	C:\Windows\SYSTEM32\dhcpcsvc.DLL
0x000007ff0db10000 - 0x000007ff0db20000 	C:\Program Files\Java\jdk-19\bin\verify.dll

dbghelp: loaded successfully - version: 4.0.5 - missing functions: none
symbol engine: initialized successfully - sym options: 0x614 - pdb path: .;C:\Program Files\Java\jdk-19\bin;C:\Windows\SYSTEM32;C:\Windows\WinSxS\amd64_microsoft.windows.common-controls_6595b64144ccf1df_6.0.9200.17359_none_4188b989718cf1c6;C:\Program Files\Java\jdk-19\bin\server

VM Arguments:
jvm_args: -Dfile.encoding=UTF-8 -XX:+ShowCodeDetailsInExceptionMessages 
java_command: qsp.Demo
java_class_path (initial): C:\Users\Admin\eclipse-workspace\Automation\bin;C:\Users\Admin\eclipse-workspace\Automation\jar\selenium-server-4.7.0.jar
Launcher Type: SUN_STANDARD

[Global flags]
     intx CICompilerCount                          = 3                                         {product} {ergonomic}
     uint ConcGCThreads                            = 1                                         {product} {ergonomic}
     uint G1ConcRefinementThreads                  = 4                                         {product} {ergonomic}
   size_t G1HeapRegionSize                         = 1048576                                   {product} {ergonomic}
    uintx GCDrainStackTargetSize                   = 64                                        {product} {ergonomic}
   size_t InitialHeapSize                          = 98566144                                  {product} {ergonomic}
   size_t MarkStackSize                            = 4194304                                   {product} {ergonomic}
   size_t MaxHeapSize                              = 1577058304                                {product} {ergonomic}
   size_t MaxNewSize                               = 945815552                                 {product} {ergonomic}
   size_t MinHeapDeltaBytes                        = 1048576                                   {product} {ergonomic}
   size_t MinHeapSize                              = 8388608                                   {product} {ergonomic}
    uintx NonNMethodCodeHeapSize                   = 5832780                                {pd product} {ergonomic}
    uintx NonProfiledCodeHeapSize                  = 122912730                              {pd product} {ergonomic}
    uintx ProfiledCodeHeapSize                     = 122912730                              {pd product} {ergonomic}
    uintx ReservedCodeCacheSize                    = 251658240                              {pd product} {ergonomic}
     bool SegmentedCodeCache                       = true                                      {product} {ergonomic}
     bool ShowCodeDetailsInExceptionMessages       = true                                   {manageable} {command line}
   size_t SoftMaxHeapSize                          = 1577058304                             {manageable} {ergonomic}
     bool UseCompressedClassPointers               = true                           {product lp64_product} {ergonomic}
     bool UseCompressedOops                        = true                           {product lp64_product} {ergonomic}
     bool UseG1GC                                  = true                                      {product} {ergonomic}
     bool UseLargePagesIndividualAllocation        = false                                  {pd product} {ergonomic}

Logging:
Log output configuration:
 #0: stdout all=warning uptime,level,tags foldmultilines=false
 #1: stderr all=off uptime,level,tags foldmultilines=false

Environment Variables:
PATH=C:\Program Files (x86)\VMware\VMware Player\bin\;C:\Program Files\Common Files\Oracle\Java\javapath;C:\Program Files\Java\jdk1.8.0_181\bin;C:\Users\Admin\AppData\Local\Programs\Python\Python38\Scripts\;C:\Users\Admin\AppData\Local\Programs\Python\Python38\
USERNAME=Admin
OS=Windows_NT
PROCESSOR_IDENTIFIER=Intel64 Family 6 Model 58 Stepping 9, GenuineIntel
TMP=C:\Users\Admin\AppData\Local\Temp
TEMP=C:\Users\Admin\AppData\Local\Temp



---------------  S Y S T E M  ---------------

OS:
 Windows 8 , 64 bit Build 9200 (6.2.9200.16859)
OS uptime: 1 days 3:14 hours

CPU: total 4 (initial active 4) (2 cores per cpu, 2 threads per core) family 6 model 58 stepping 9 microcode 0x15, cx8, cmov, fxsr, ht, mmx, sse, sse2, sse3, ssse3, sse4.1, sse4.2, popcnt, tsc, tscinvbit, avx, erms, clmul, vzeroupper, clflush, rdtscp

Memory: 4k page, system-wide physical 6013M (868M free)
TotalPageFile size 8102M (AvailPageFile size 5M)
current process WorkingSet (physical memory assigned to process): 110M, peak: 110M
current process commit charge ("private bytes"): 213M, peak: 216M

vm_info: Java HotSpot(TM) 64-Bit Server VM (19.0.1+10-21) for windows-amd64 JRE (19.0.1+10-21), built on 2022-09-14T12:45:06Z by "mach5one" with MS VC++ 17.1 (VS2022)

END.
